C51 COMPILER V9.54   PUBLIC                                                                12/08/2022 12:22:53 PAGE 1   


C51 COMPILER V9.54, COMPILATION OF MODULE PUBLIC
OBJECT MODULE PLACED IN .\Obj\public.obj
COMPILER INVOKED BY: D:\Program Files (x86)\Keil_v5\C51\BIN\C51.EXE Public\public.c LARGE OPTIMIZE(8,SPEED) BROWSE INCDI
                    -R(.\App\24c02;.\App\iic;.\App\key;.\App\smg;.\Public;.\App\ds18b20;.\App\ds1302;.\App\ired;.\App\time;.\App\xpt2046;.\Ap
                    -p\pwm;.\App\lcd1602;.\App;.\App\74hc595) DEBUG OBJECTEXTEND PRINT(.\Obj\public.lst) TABS(2) OBJECT(.\Obj\public.obj)

line level    source

   1          #include "public.h"
   2          
   3          void delay_10us(u16 ten_us)
   4          {
   5   1        while(ten_us--);  
   6   1      }
   7          
   8          void delay_ms(u16 ms)
   9          {
  10   1        u16 i,j;
  11   1        for(i=ms;i>0;i--)
  12   1          for(j=110;j>0;j--);
  13   1      }
  14          
  15          
  16          
  17          void timer0_init(u8 h8, u8 l8)
  18          {
  19   1        TMOD = TMOD & 0xF0; // 第四位 定时器0
  20   1        TMOD = TMOD | 0x01; //定时器0工作模式
  21   1        TF0 = 0; // 防止一开始就中断
  22   1        
  23   1        // TH0 = 64535 / 256; // 0~65535 每隔1us 计数+1  初始64535 为1ms
  24   1        // TL0 = 64535 % 256;
  25   1        
  26   1        TL0 = h8;   //设置定时初值
  27   1        TH0 = l8;   //设置定时初值
  28   1        
  29   1        EA = 1; // EA=1 ET0=1  1000 0010   中断使能，Timer0使能
  30   1        ET0 = 1;
  31   1        
  32   1        PT0 = 0; // Timer0优先级0  当PT0H=0且PT0=0时，定时器0中断为较低优先级中断(优先级0)
  33   1        TR0 = 1; // 开始计时
  34   1      }
  35          


MODULE INFORMATION:   STATIC OVERLAYABLE
   CODE SIZE        =     64    ----
   CONSTANT SIZE    =   ----    ----
   XDATA SIZE       =   ----    ----
   PDATA SIZE       =   ----    ----
   DATA SIZE        =   ----    ----
   IDATA SIZE       =   ----    ----
   BIT SIZE         =   ----    ----
END OF MODULE INFORMATION.


C51 COMPILATION COMPLETE.  0 WARNING(S),  0 ERROR(S)
